0 info it worked if it ends with ok
1 verbose cli [ '/usr/bin/node', '/usr/bin/npm', 'run', 'dev' ]
2 info using npm@3.10.10
3 info using node@v6.11.5
4 verbose run-script [ 'predev', 'dev', 'postdev' ]
5 info lifecycle webpack-starter@1.2.0~predev: webpack-starter@1.2.0
6 silly lifecycle webpack-starter@1.2.0~predev: no script for predev, continuing
7 info lifecycle webpack-starter@1.2.0~dev: webpack-starter@1.2.0
8 verbose lifecycle webpack-starter@1.2.0~dev: unsafe-perm in lifecycle true
9 verbose lifecycle webpack-starter@1.2.0~dev: PATH: /usr/lib/node_modules/npm/bin/node-gyp-bin:/home/spairo/Dev/webpack/node_modules/.bin:/home/spairo/bin:/home/spairo/.local/bin:/usr/local/sbin:/usr/local/bin:/usr/sbin:/usr/bin:/sbin:/bin:/usr/games:/usr/local/games:/snap/bin
10 verbose lifecycle webpack-starter@1.2.0~dev: CWD: /home/spairo/Dev/webpack
11 silly lifecycle webpack-starter@1.2.0~dev: Args: [ '-c', 'webpack-dev-server' ]
12 silly lifecycle webpack-starter@1.2.0~dev: Returned: code: 1  signal: null
13 info lifecycle webpack-starter@1.2.0~dev: Failed to exec dev script
14 verbose stack Error: webpack-starter@1.2.0 dev: `webpack-dev-server`
14 verbose stack Exit status 1
14 verbose stack     at EventEmitter.<anonymous> (/usr/lib/node_modules/npm/lib/utils/lifecycle.js:255:16)
14 verbose stack     at emitTwo (events.js:106:13)
14 verbose stack     at EventEmitter.emit (events.js:191:7)
14 verbose stack     at ChildProcess.<anonymous> (/usr/lib/node_modules/npm/lib/utils/spawn.js:40:14)
14 verbose stack     at emitTwo (events.js:106:13)
14 verbose stack     at ChildProcess.emit (events.js:191:7)
14 verbose stack     at maybeClose (internal/child_process.js:920:16)
14 verbose stack     at Process.ChildProcess._handle.onexit (internal/child_process.js:230:5)
15 verbose pkgid webpack-starter@1.2.0
16 verbose cwd /home/spairo/Dev/webpack
17 error Linux 4.4.0-98-generic
18 error argv "/usr/bin/node" "/usr/bin/npm" "run" "dev"
19 error node v6.11.5
20 error npm  v3.10.10
21 error code ELIFECYCLE
22 error webpack-starter@1.2.0 dev: `webpack-dev-server`
22 error Exit status 1
23 error Failed at the webpack-starter@1.2.0 dev script 'webpack-dev-server'.
23 error Make sure you have the latest version of node.js and npm installed.
23 error If you do, this is most likely a problem with the webpack-starter package,
23 error not with npm itself.
23 error Tell the author that this fails on your system:
23 error     webpack-dev-server
23 error You can get information on how to open an issue for this project with:
23 error     npm bugs webpack-starter
23 error Or if that isn't available, you can get their info via:
23 error     npm owner ls webpack-starter
23 error There is likely additional logging output above.
24 verbose exit [ 1, true ]
